<?xml version="1.0" encoding="UTF-8"?>
<!-- Generated by org.testng.reporters.JUnitReportReporter -->
<testsuite skipped="0" hostname="DESKTOP-BBVGNLM" name="MyRunner.TestRunner" tests="1" failures="0" timestamp="03 Jun 2020 06:14:32 GMT" time="56.356" errors="0">
  <testcase name="feature" time="56.356" classname="MyRunner.TestRunner"/>
</testsuite> <!-- MyRunner.TestRunner -->
